CBS
2 40
4 40
8 39
12 35
16 30
20 17
24 4
CBS+DS
2 40
4 40
8 40
12 39
16 35
20 17
24 3
CBS+DS+RANDOM
2 40
4 40
8 40
12 40
16 36
20 18
24 2
CBS+DS+WIDTH
2 40
4 40
8 40
12 39
16 34
20 16
24 3
CBS+PC
2 40
4 40
8 39
12 35
16 30
20 16
24 3
CBS+PC+DS
2 40
4 40
8 40
12 40
16 35
20 21
24 5
CBS+PC+DS+RANDOM
2 40
4 40
8 40
12 39
16 34
20 22
24 4
CBS+PC+DS+WIDTH
2 40
4 40
8 40
12 40
16 35
20 21
24 5
CBS+PC+RANDOM
2 40
4 40
8 39
12 35
16 30
20 17
24 4
CBS+RANDOM
2 40
4 40
8 39
12 35
16 30
20 17
24 4
CBSH
2 40
4 40
8 39
12 35
16 29
20 12
24 3
CBSH+DS
2 40
4 40
8 40
12 38
16 35
20 19
24 5
CBSH+DS+RANDOM
2 40
4 40
8 40
12 39
16 34
20 17
24 1
CBSH+DS+WIDTH
2 40
4 40
8 40
12 38
16 35
20 19
24 5
CBSH+RANDOM
2 40
4 40
8 39
12 35
16 30
20 16
24 3
